
Start-Date: 2026-07-01  08:26:29
Commandline: apt install bat
Requested-By: alaad13 (1000)
Install: bat:amd64 (0.25.0-2+b2), libgit2-1.9:amd64 (1.9.0+ds-2, automatic), libhttp-parser2.9:amd64 (2.9.4-6+b2, automatic), libmbedtls21:amd64 (3.6.5-0.1~deb13u1, automatic), libmbedx509-7:amd64 (3.6.5-0.1~deb13u1, automatic)
End-Date: 2026-07-01  08:26:45

Start-Date: 2026-07-04  13:52:29
Commandline: apt install cmark
Requested-By: alaad13 (1000)
Install: cmark:amd64 (0.30.2-6+b2)
End-Date: 2026-07-04  13:52:41

Start-Date: 2026-07-05  08:55:31
Commandline: apt remove vim-ale
Requested-By: alaad13 (1000)
Remove: vim-ale:amd64 (4.0.0-2)
End-Date: 2026-07-05  08:55:32

Start-Date: 2026-07-07  12:30:00
Commandline: apt install yq
Requested-By: alaad13 (1000)
Install: libonig5:amd64 (6.9.9-1+b1, automatic), python3-xmltodict:amd64 (0.13.0-1, automatic), python3-tomlkit:amd64 (0.13.2-1, automatic), python3-argcomplete:amd64 (3.6.2-1, automatic), python3-yaml:amd64 (6.0.2-1+b2, automatic), jq:amd64 (1.7.1-6+deb13u2, automatic), yq:amd64 (3.4.3-2), libjq1:amd64 (1.7.1-6+deb13u2, automatic)
End-Date: 2026-07-07  12:30:20

Start-Date: 2026-07-09  08:11:20
Commandline: apt install python3-full
Requested-By: alaad13 (1000)
Install: idle-python3.13:amd64 (3.13.5-2+deb13u2, automatic), python3-tk:amd64 (3.13.5-1, automatic), python3-setuptools-whl:amd64 (78.1.1-0.1, automatic), blt:amd64 (2.5.3+dfsg-8, automatic), python3-venv:amd64 (3.13.5-1, automatic), python3.13-tk:amd64 (3.13.5-2+deb13u2, automatic), python3-pip-whl:amd64 (25.1.1+dfsg-1, automatic), python3-full:amd64 (3.13.5-1), tk8.6-blt2.5:amd64 (2.5.3+dfsg-8, automatic), libtk8.6:amd64 (8.6.16-1, automatic), python3.13-venv:amd64 (3.13.5-2+deb13u2, automatic), python3-gdbm:amd64 (3.13.5-1, automatic), libpython3.13-testsuite:amd64 (3.13.5-2+deb13u2, automatic), net-tools:amd64 (2.10-1.3, automatic), python3.13-full:amd64 (3.13.5-2+deb13u2, automatic), python3-doc:amd64 (3.13.5-1, automatic), python3-examples:amd64 (3.13.5-1, automatic), python3.13-gdbm:amd64 (3.13.5-2+deb13u2, automatic), python3.13-doc:amd64 (3.13.5-2+deb13u2, automatic), idle:amd64 (3.13.5-1, automatic), python3.13-examples:amd64 (3.13.5-2+deb13u2, automatic)
End-Date: 2026-07-09  08:11:57

Start-Date: 2026-07-11  08:07:49
Commandline: apt install dictd dict dict-gcide dict-wn dict-freedict-eng-ara dict-freedict-jpn-eng
Requested-By: alaad13 (1000)
Install: dict-gcide:amd64 (0.48.5+nmu4), dictd:amd64 (1.13.1+dfsg-1), dict-wn:amd64 (1:3.0-39), recode:amd64 (3.7.15-1, automatic), libmaa4:amd64 (1.5.1-1, automatic), dict-freedict-eng-ara:amd64 (2022.04.21-1), dictzip:amd64 (1.13.1+dfsg-1, automatic), dict:amd64 (1.13.1+dfsg-1), dict-freedict-jpn-eng:amd64 (2022.04.21-1)
End-Date: 2026-07-11  08:08:07

Start-Date: 2026-07-14  08:16:39
Commandline: apt install flatpak
Requested-By: alaad13 (1000)
Install: libmalcontent-0-0:amd64 (0.13.0-2+deb13u1, automatic), libostree-1-1:amd64 (2025.2-1, automatic), flatpak:amd64 (1.16.6-1~deb13u1)
End-Date: 2026-07-14  08:16:57

Start-Date: 2026-07-14  09:52:21
Commandline: apt install wine64 wine32
Requested-By: alaad13 (1000)
Install: libvulkan1:i386 (1.4.309.0-1, automatic), libhwy1t64:i386 (1.2.0-2+b2, automatic), libxcb-present0:i386 (1.17.0-2+b1, automatic), libkeyutils1:i386 (1.6.3-6, automatic), libv4lconvert0t64:i386 (1.30.1-1, automatic), libgomp1:i386 (14.2.0-19, automatic), libpulse0:i386 (17.0+dfsg1-2+b1, automatic), libwebpmux3:i386 (1.5.0-0.1, automatic), libvpx9:i386 (1.15.0-2.1+deb13u1, automatic), libxxf86vm1:i386 (1:1.1.4-1+b4, automatic), libngtcp2-16:i386 (1.11.0-1+deb13u1, automatic), libcodec2-1.2:i386 (1.2.0-3, automatic), libltdl7:i386 (2.5.4-4, automatic), libffi8:i386 (3.4.8-2, automatic), libsharpyuv0:i386 (1.5.0-0.1, automatic), libgssapi-krb5-2:i386 (1.21.3-5+deb13u1, automatic), libnghttp2-14:i386 (1.64.0-1.1+deb13u1, automatic), libglx-mesa0:i386 (25.0.7-2+deb13u1, automatic), libtwolame0:i386 (0.4.0-2+b2, automatic), libtheoraenc1:i386 (1.2.0~alpha1+dfsg-6, automatic), va-driver-all:i386 (2.22.0-3, automatic), libjack-jackd2-0:i386 (1.9.22~dfsg-4, automatic), libdatrie1:i386 (0.2.13-3+b1, automatic), libthai0:i386 (0.1.29-2+b1, automatic), libssh-4:i386 (0.11.2-1+deb13u1, automatic), libpcap0.8t64:i386 (1.10.5-2, automatic), libngtcp2-crypto-gnutls8:i386 (1.11.0-1+deb13u1, automatic), libxrender1:i386 (1:0.9.12-1, automatic), libldap2:i386 (2.6.10+dfsg-1, automatic), libglvnd0:i386 (1.7.0-1+b2, automatic), libproxy1v5:i386 (0.5.9-1, automatic), libtinfo6:i386 (6.5+20250216-2, automatic), libx11-xcb1:i386 (2:1.8.12-1, automatic), libxshmfence1:i386 (1.3.3-1, automatic), libdecor-0-0:i386 (0.2.2-2, automatic), libpango-1.0-0:i386 (1.56.3-1, automatic), libunistring5:i386 (1.3-2, automatic), libidn2-0:i386 (2.3.8-2, automatic), libwavpack1:i386 (5.8.1-1, automatic), libflac14:i386 (1.5.0+ds-2, automatic), libtasn1-6:i386 (4.20.0-2+deb13u1, automatic), libsrt1.5-gnutls:i386 (1.5.4-1, automatic), libwayland-cursor0:i386 (1.23.1-3, automatic), libmbedcrypto16:i386 (3.6.5-0.1~deb13u1, automatic), libx264-164:i386 (2:0.164.3108+git31e19f9-2+b1, automatic), libshine3:i386 (3.1.1-2+b2, automatic), libwine:amd64 (10.0~repack-6, automatic), libwine:i386 (10.0~repack-6, automatic), libselinux1:i386 (3.8.1-1, automatic), liblzma5:i386 (5.8.1-1+deb13u1, automatic), libaom3:i386 (3.12.1-1, automatic), libhogweed6t64:i386 (3.10.1-1, automatic), libv4l-0t64:i386 (1.30.1-1, automatic), libavahi-common-data:i386 (0.8-16, automatic), libheif1:i386 (1.19.8-1, automatic), libodbc2:amd64 (2.3.12-2, automatic), libodbc2:i386 (2.3.12-2, automatic), libcolord2:i386 (1.4.7-3, automatic), libpsl5t64:i386 (0.21.2-1.1+b1, automatic), libsasl2-modules:i386 (2.1.28+dfsg1-9, automatic), libsasl2-2:i386 (2.1.28+dfsg1-9, automatic), libxcb-dri3-0:i386 (1.17.0-2+b1, automatic), libx265-215:i386 (4.1-2, automatic), libcairo2:i386 (1.18.4-1+b1, automatic), libgbm1:i386 (25.0.7-2+deb13u1, automatic), libaacs0:i386 (0.11.1-4+b1, automatic), libpciaccess0:i386 (0.17-3+b3, automatic), libxcursor1:i386 (1:1.2.3-1, automatic), libbluray2:i386 (1:1.3.4-1+b2, automatic), libheif-plugin-libde265:i386 (1.19.8-1, automatic), libvorbisfile3:i386 (1.3.7-3, automatic), libexpat1:i386 (2.7.1-2, automatic), libp11-kit0:i386 (0.25.5-3, automatic), libdv4t64:i386 (1.0.0-17.1+b1, automatic), libopencore-amrnb0:i386 (0.1.6-1+b2, automatic), libdeflate0:i386 (1.23-2, automatic), libiec61883-0:i386 (1.2.0-7, automatic), libwayland-server0:i386 (1.23.1-3, automatic), libglx0:i386 (1.7.0-1+b2, automatic), libgme0:i386 (0.6.3-7+b2, automatic), libdav1d7:i386 (1.5.1-1, automatic), libcaca0:i386 (0.99.beta20-5+deb13u1, automatic), libfribidi0:i386 (1.0.16-1, automatic), mesa-libgallium:i386 (25.0.7-2+deb13u1, automatic), libraw1394-11:i386 (2.1.2-2+b2, automatic), librtmp1:i386 (2.4+20151223.gitfa8646d.1-2+b5, automatic), libgpm2:i386 (1.20.7-11+b2, automatic), libtiff6:i386 (4.7.0-3+deb13u2, automatic), libopencore-amrwb0:i386 (0.1.6-1+b2, automatic), libpixman-1-0:i386 (0.44.0-3, automatic), libsystemd0:i386 (257.13-1~deb13u1, automatic), libfreetype6:i386 (2.13.3+dfsg-1+deb13u1, automatic), libva-x11-2:i386 (2.22.0-3, automatic), librist4:i386 (0.2.11+dfsg-1, automatic), libgsm1:i386 (1.0.22-1+b2, automatic), libmount1:i386 (2.41-5, automatic), libcjson1:i386 (1.7.18-3.1+deb13u1, automatic), libshout3:i386 (2.4.6-1+b3, automatic), libxau6:i386 (1:1.0.11-1, automatic), libxcb1:i386 (1.17.0-2+b1, automatic), fonts-wine:amd64 (10.0~repack-6, automatic), libllvm19:i386 (1:19.1.7-3+b1, automatic), librsvg2-common:i386 (2.60.0+dfsg-1, automatic), libxcomposite1:i386 (1:0.4.6-1, automatic), libnuma1:i386 (2.0.19-1, automatic), libsvtav1enc2:i386 (2.3.0+dfsg-1, automatic), libdb5.3t64:i386 (5.3.28+dfsg2-9, automatic), libasound2-plugins:amd64 (1.2.12-2+b1, automatic), libasound2-plugins:i386 (1.2.12-2+b1, automatic), libdbus-1-3:i386 (1.16.2-2, automatic), libxdamage1:i386 (1:1.1.6-1+b2, automatic), libgdk-pixbuf-2.0-0:i386 (2.42.12+dfsg-4+deb13u1, automatic), libsasl2-modules-db:i386 (2.1.28+dfsg1-9, automatic), libkrb5support0:i386 (1.21.3-5+deb13u1, automatic), libcairo-gobject2:i386 (1.18.4-1+b1, automatic), liblerc4:i386 (4.0.0+ds-5, automatic), libxml2:i386 (2.12.7+dfsg+really2.9.14-2.1+deb13u3, automatic), libzstd1:i386 (1.5.7+dfsg-1, automatic), libgraphite2-3:i386 (1.3.14-2+deb13u1, automatic), libbsd0:i386 (0.12.2-2, automatic), libxpm4:i386 (1:3.5.17-1+deb13u1, automatic), libfontconfig1:i386 (2.15.0-2.3, automatic), libcups2t64:i386 (2.4.10-3+deb13u2, automatic), libvdpau1:i386 (1.5-3+b1, automatic), libgav1-1:i386 (0.19.0-3+b1, automatic), libudev1:i386 (257.13-1~deb13u1, automatic), libgpg-error0:i386 (1.51-4, automatic), libz3-4:i386 (4.13.3-1, automatic), libxss1:i386 (1:1.2.3-1+b3, automatic), mesa-va-drivers:i386 (25.0.7-2+deb13u1, automatic), libnettle8t64:i386 (3.10.1-1, automatic), libatspi2.0-0t64:i386 (2.56.2-1+deb13u1, automatic), wine:amd64 (10.0~repack-6, automatic), libgl1-mesa-dri:i386 (25.0.7-2+deb13u1, automatic), libcurl3t64-gnutls:i386 (8.14.1-2+deb13u4, automatic), libosmesa6:amd64 (25.0.7-2+deb13u1, automatic), libosmesa6:i386 (25.0.7-2+deb13u1, automatic), libasound2t64:i386 (1.2.14-1, automatic), libheif-plugin-x265:i386 (1.19.8-1, automatic), libcom-err2:i386 (1.47.2-3+b11, automatic), libheif-plugin-aomenc:i386 (1.19.8-1, automatic), libxrandr2:i386 (2:1.5.4-1+b3, automatic), libjxl0.11:i386 (0.11.2-0.1~deb13u2, automatic), libmp3lame0:i386 (3.100-6+b3, automatic), libsoxr0:i386 (0.1.3-4+b2, automatic), libsoup-3.0-0:i386 (3.6.5-3, automatic), libgudev-1.0-0:i386 (238-6, automatic), libavc1394-0:i386 (0.5.4-5+b2, automatic), libsodium23:i386 (1.0.18-1+deb13u1, automatic), libcap2:i386 (1:2.75-10+deb13u1+b1, automatic), libssh2-1t64:i386 (1.11.1-1+deb13u1, automatic), libudfread0:i386 (1.1.2-1+b2, automatic), libc6:i386 (2.41-12+deb13u3, automatic), libcloudproviders0:i386 (0.3.6-2, automatic), libsnappy1v5:i386 (1.2.2-1, automatic), libopus0:i386 (1.5.2-2, automatic), libpangocairo-1.0-0:i386 (1.56.3-1, automatic), libxkbcommon0:i386 (1.7.0-2, automatic), libnorm1t64:i386 (1.5.9+dfsg-3.1+b2, automatic), gstreamer1.0-x:i386 (1.26.2-1+deb13u1, automatic), libxtst6:i386 (2:1.2.5-1, automatic), libkrb5-3:i386 (1.21.3-5+deb13u1, automatic), vdpau-driver-all:i386 (1.5-3+b1, automatic), libnghttp3-9:i386 (1.8.0-1, automatic), libpcsclite1:i386 (2.3.3-1, automatic), libavcodec61:i386 (7:7.1.5-0+deb13u1, automatic), libxcb-render0:i386 (1.17.0-2+b1, automatic), libusb-1.0-0:i386 (2:1.0.28-1, automatic), libvisual-0.4-0:i386 (0.4.2-2+b2, automatic), libjpeg62-turbo:i386 (1:2.1.5-4, automatic), libzvbi0t64:i386 (0.2.44-1, automatic), i965-va-driver:i386 (2.4.1+dfsg1-2, automatic), libgcrypt20:i386 (1.11.0-7+deb13u1, automatic), libdvdread8t64:i386 (6.1.3-2, automatic), gstreamer1.0-plugins-good:i386 (1.26.2-1+deb13u2, automatic), gstreamer1.0-plugins-base:i386 (1.26.2-1+deb13u1, automatic), libdecor-0-plugin-1-gtk:i386 (0.2.2-2, automatic), wine32:i386 (10.0~repack-6), wine64:amd64 (10.0~repack-6), libtag2:i386 (2.0.2-2, automatic), mesa-vulkan-drivers:i386 (25.0.7-2+deb13u1, automatic), libgphoto2-6t64:i386 (2.5.31-4, automatic), libvorbisenc2:i386 (1.3.7-3, automatic), libasyncns0:i386 (0.8-6+b5, automatic), libvdpau-va-gl1:i386 (0.4.2-2, automatic), libk5crypto3:i386 (1.21.3-5+deb13u1, automatic), libpangoft2-1.0-0:i386 (1.56.3-1, automatic), libtheora0:i386 (1.2.0~alpha1+dfsg-6, automatic), libxvidcore4:i386 (2:1.3.7-1+b2, automatic), libyuv0:i386 (0.0.1904.20250204-1, automatic), libsndfile1:i386 (1.2.2-2+deb13u1, automatic), libavutil59:i386 (7:7.1.5-0+deb13u1, automatic), liborc-0.4-0t64:i386 (1:0.4.41-1, automatic), libsqlite3-0:i386 (3.46.1-7+deb13u1, automatic), libwebp7:i386 (1.5.0-0.1, automatic), libcurl4t64:i386 (8.14.1-2+deb13u4, automatic), libatk1.0-0t64:i386 (2.56.2-1+deb13u1, automatic), libspeex1:i386 (1.2.1-3, automatic), libgmp10:i386 (2:6.3.0+dfsg-3, automatic), libpcre2-8-0:i386 (10.46-1~deb13u1, automatic), libgstreamer1.0-0:i386 (1.26.2-2, automatic), libavahi-common3:i386 (0.8-16, automatic), librsvg2-2:i386 (2.60.0+dfsg-1, automatic), libsamplerate0:i386 (0.2.2-4+b2, automatic), ocl-icd-libopencl1:i386 (2.3.3-1, automatic), libimagequant0:i386 (2.18.0-1+b2, automatic), libxcb-glx0:i386 (1.17.0-2+b1, automatic), libgphoto2-port12t64:i386 (2.5.31-4, automatic), libbdplus0:i386 (0.2.0-4+b1, automatic), libxkbregistry0:i386 (1.7.0-2, automatic), libogg0:i386 (1.3.5-3+b2, automatic), libavif16:i386 (1.2.1-1.2, automatic), libxinerama1:i386 (2:1.1.4-3+b4, automatic), libcapi20-3t64:amd64 (1:3.27-3.2+b1, automatic), libcapi20-3t64:i386 (1:3.27-3.2+b1, automatic), libjbig0:i386 (2.1-6.1+b2, automatic), libopenjp2-7:i386 (2.5.3-2.1~deb13u2, automatic), libwayland-egl1:i386 (1.23.1-3, automatic), libcdparanoia0:i386 (3.10.2+debian-14+b1, automatic), libvorbis0a:i386 (1.3.7-3, automatic), libsdl2-2.0-0:i386 (2.32.4+dfsg-1, automatic), libbrotli1:i386 (1.1.0-2+b7, automatic), libabsl20240722:i386 (20240722.0-4, automatic), libzmq5:i386 (4.3.5-1+b3, automatic), libdrm-amdgpu1:i386 (2.4.124-2, automatic), libdrm2:i386 (2.4.124-2, automatic), libchromaprint1:i386 (1.5.1-7, automatic), libsensors5:i386 (1:3.6.2-2, automatic), libxcb-randr0:i386 (1.17.0-2+b1, automatic), libswresample5:i386 (7:7.1.5-0+deb13u1, automatic), librabbitmq4:i386 (0.15.0-1+deb13u1, automatic), libxext6:i386 (2:1.3.4-1+b3, automatic), libssl3t64:i386 (3.5.6-1~deb13u2, automatic), libheif-plugin-dav1d:i386 (1.19.8-1, automatic), libgnutls30t64:i386 (3.8.9-3+deb13u4, automatic), libdvdnav4:i386 (6.1.1-3+b1, automatic), libharfbuzz0b:i386 (10.2.0-1+deb13u1, automatic), libblkid1:i386 (2.41-5, automatic), libz-mingw-w64:amd64 (1.3.1+dfsg-2, automatic), libavformat61:i386 (7:7.1.5-0+deb13u1, automatic), libaa1:i386 (1.4p5-51.1+b1, automatic), libmpg123-0t64:i386 (1.32.10-1+deb13u1, automatic), libslang2:i386 (2.3.3-5+b2, automatic), libtheoradec1:i386 (1.2.0~alpha1+dfsg-6, automatic), libegl-mesa0:i386 (25.0.7-2+deb13u1, automatic), libduktape207:i386 (2.7.0-2+b2, automatic), libva-drm2:i386 (2.22.0-3, automatic), libxcb-shm0:i386 (1.17.0-2+b1, automatic), libgtk-3-0t64:i386 (3.24.49-3, automatic), libgd3:i386 (2.3.3-13, automatic), libgl1:i386 (1.7.0-1+b2, automatic), libncursesw6:i386 (6.5+20250216-2, automatic), libbz2-1.0:i386 (1.0.8-6, automatic), libegl1:i386 (1.7.0-1+b2, automatic), zlib1g:i386 (1:1.3.dfsg+really1.3.1-1+b1, automatic), libx11-6:i386 (2:1.8.12-1, automatic), libgstreamer-plugins-base1.0-0:i386 (1.26.2-1+deb13u1, automatic), libwayland-client0:i386 (1.23.1-3, automatic), libopenmpt0t64:i386 (0.7.13-1+b1, automatic), libigdgmm12:i386 (22.7.2+ds1-1, automatic), liblcms2-2:i386 (2.16-2+deb13u2, automatic), mesa-vdpau-drivers:i386 (25.0.7-2+deb13u1, automatic), libpng16-16t64:i386 (1.6.48-1+deb13u5, automatic), libmd0:i386 (1.1.0-2+b1, automatic), libatk-bridge2.0-0t64:i386 (2.56.2-1+deb13u1, automatic), libde265-0:i386 (1.0.15-1+b3, automatic), libodbccr2:amd64 (2.3.12-2, automatic), libodbccr2:i386 (2.3.12-2, automatic), libepoxy0:i386 (1.5.10-2, automatic), libelf1t64:i386 (0.192-4, automatic), libpgm-5.3-0t64:i386 (5.3.128~dfsg-2.1+b1, automatic), libxcb-sync1:i386 (1.17.0-2+b1, automatic), libedit2:i386 (3.1-20250104-1, automatic), libspeexdsp1:i386 (1.2.1-3, automatic), libavahi-client3:i386 (0.8-16, automatic), glib-networking:i386 (2.80.1-1, automatic), libva2:i386 (2.22.0-3, automatic), libdrm-intel1:i386 (2.4.124-2, automatic), libxfixes3:i386 (1:6.0.0-2+b4, automatic), libstdc++6:i386 (14.2.0-19, automatic), libxdmcp6:i386 (1:1.1.5-1, automatic), libatomic1:i386 (14.2.0-19, automatic), libexif12:i386 (0.6.25-1+deb13u1, automatic), libncurses6:i386 (6.5+20250216-2, automatic), intel-media-va-driver:i386 (25.2.3+dfsg1-1, automatic), libxi6:i386 (2:1.8.2-1, automatic), libxv1:i386 (2:1.0.11-1.1+b3, automatic), libglib2.0-0t64:i386 (2.84.4-3~deb13u3, automatic), librav1e0.7:i386 (0.7.1-9+b2, automatic), gcc-14-base:i386 (14.2.0-19, automatic), libxcb-xfixes0:i386 (1.17.0-2+b1, automatic), libgcc-s1:i386 (14.2.0-19, automatic)
Upgrade: krb5-locales:amd64 (1.21.3-5, 1.21.3-5+deb13u1), libgssapi-krb5-2:amd64 (1.21.3-5, 1.21.3-5+deb13u1), libnghttp2-14:amd64 (1.64.0-1.1, 1.64.0-1.1+deb13u1), libglx-mesa0:amd64 (25.0.7-2, 25.0.7-2+deb13u1), libtasn1-6:amd64 (4.20.0-2, 4.20.0-2+deb13u1), liblzma5:amd64 (5.8.1-1, 5.8.1-1+deb13u1), libgbm1:amd64 (25.0.7-2, 25.0.7-2+deb13u1), libcaca0:amd64 (0.99.beta20-5, 0.99.beta20-5+deb13u1), mesa-libgallium:amd64 (25.0.7-2, 25.0.7-2+deb13u1), openssl-provider-legacy:amd64 (3.5.6-1~deb13u1, 3.5.6-1~deb13u2), libkrb5support0:amd64 (1.21.3-5, 1.21.3-5+deb13u1), libxatracker2:amd64 (25.0.7-2, 25.0.7-2+deb13u1), libxml2:amd64 (2.12.7+dfsg+really2.9.14-2.1+deb13u2, 2.12.7+dfsg+really2.9.14-2.1+deb13u3), xz-utils:amd64 (5.8.1-1, 5.8.1-1+deb13u1), libgraphite2-3:amd64 (1.3.14-2+b1, 1.3.14-2+deb13u1), libxpm4:amd64 (1:3.5.17-1+b3, 1:3.5.17-1+deb13u1), libpostproc58:amd64 (7:7.1.3-0+deb13u1, 7:7.1.5-0+deb13u1), mesa-va-drivers:amd64 (25.0.7-2, 25.0.7-2+deb13u1), libgl1-mesa-dri:amd64 (25.0.7-2, 25.0.7-2+deb13u1), libcurl3t64-gnutls:amd64 (8.14.1-2+deb13u3, 8.14.1-2+deb13u4), libjxl0.11:amd64 (0.11.2-0.1~deb13u1, 0.11.2-0.1~deb13u2), libssh2-1t64:amd64 (1.11.1-1, 1.11.1-1+deb13u1), libkrb5-3:amd64 (1.21.3-5, 1.21.3-5+deb13u1), libavcodec61:amd64 (7:7.1.3-0+deb13u1, 7:7.1.5-0+deb13u1), gstreamer1.0-gtk3:amd64 (1.26.2-1, 1.26.2-1+deb13u2), libgcrypt20:amd64 (1.11.0-7, 1.11.0-7+deb13u1), gstreamer1.0-plugins-good:amd64 (1.26.2-1, 1.26.2-1+deb13u2), libavfilter10:amd64 (7:7.1.3-0+deb13u1, 7:7.1.5-0+deb13u1), mesa-vulkan-drivers:amd64 (25.0.7-2, 25.0.7-2+deb13u1), libk5crypto3:amd64 (1.21.3-5, 1.21.3-5+deb13u1), libavutil59:amd64 (7:7.1.3-0+deb13u1, 7:7.1.5-0+deb13u1), libcurl4t64:amd64 (8.14.1-2+deb13u3, 8.14.1-2+deb13u4), libswscale8:amd64 (7:7.1.3-0+deb13u1, 7:7.1.5-0+deb13u1), libgraphite2-dev:amd64 (1.3.14-2+b1, 1.3.14-2+deb13u1), libopenjp2-7:amd64 (2.5.3-2.1~deb13u1, 2.5.3-2.1~deb13u2), libswresample5:amd64 (7:7.1.3-0+deb13u1, 7:7.1.5-0+deb13u1), librabbitmq4:amd64 (0.15.0-1, 0.15.0-1+deb13u1), libssl3t64:amd64 (3.5.6-1~deb13u1, 3.5.6-1~deb13u2), libavformat61:amd64 (7:7.1.3-0+deb13u1, 7:7.1.5-0+deb13u1), curl:amd64 (8.14.1-2+deb13u3, 8.14.1-2+deb13u4), libegl-mesa0:amd64 (25.0.7-2, 25.0.7-2+deb13u1), mesa-vdpau-drivers:amd64 (25.0.7-2, 25.0.7-2+deb13u1), openssl:amd64 (3.5.6-1~deb13u1, 3.5.6-1~deb13u2)
End-Date: 2026-07-14  09:57:08

Start-Date: 2026-07-14  12:24:38
Commandline: apt install vlc
Requested-By: alaad13 (1000)
Install: vlc-plugin-qt:amd64 (3.0.23-0+deb13u1, automatic), libvlc5:amd64 (3.0.23-0+deb13u1, automatic), vlc-data:amd64 (3.0.23-0+deb13u1, automatic), libmatroska7:amd64 (1.7.1-1+b2, automatic), libvlccore9:amd64 (3.0.23-0+deb13u1, automatic), vlc:amd64 (3.0.23-0+deb13u1), vlc-bin:amd64 (3.0.23-0+deb13u1, automatic), libresid-builder0c2a:amd64 (2.1.1-16, automatic), libopenmpt-modplug1:amd64 (0.8.9.0-openmpt1-2+b3, automatic), libixml11t64:amd64 (1:1.14.20-1+deb13u1, automatic), libqt5x11extras5:amd64 (5.15.15-2, automatic), vlc-l10n:amd64 (3.0.23-0+deb13u1, automatic), liblua5.2-0:amd64 (5.2.4-3+b3, automatic), liblirc-client0t64:amd64 (0.10.2-0.10, automatic), libmad0:amd64 (0.15.1b-11+b1, automatic), libsidplay2:amd64 (2.1.1-16, automatic), libdvbpsi10:amd64 (1.3.3-1+b2, automatic), libaribb24-0t64:amd64 (1.0.3-2.1+b2, automatic), vlc-plugin-samba:amd64 (3.0.23-0+deb13u1, automatic), libprotobuf-lite32t64:amd64 (3.21.12-11+deb13u1, automatic), libproxy-tools:amd64 (0.5.9-1, automatic), libvncclient1:amd64 (0.9.15+dfsg-1+deb13u2, automatic), vlc-plugin-notify:amd64 (3.0.23-0+deb13u1, automatic), libebml5:amd64 (1.4.5-1+b1, automatic), libkate1:amd64 (0.4.3-1, automatic), libupnp17t64:amd64 (1:1.14.20-1+deb13u1, automatic), vlc-plugin-access-extra:amd64 (3.0.23-0+deb13u1, automatic), vlc-plugin-skins2:amd64 (3.0.23-0+deb13u1, automatic), vlc-plugin-video-splitter:amd64 (3.0.23-0+deb13u1, automatic), libva-wayland2:amd64 (2.22.0-3, automatic), vlc-plugin-video-output:amd64 (3.0.23-0+deb13u1, automatic), libspatialaudio0t64:amd64 (0.3.0+git20180730+dfsg1-2.1+b1, automatic), fonts-freefont-ttf:amd64 (20211204+svn4273-2, automatic), libcddb2:amd64 (1.3.2-7.1, automatic), libvlc-bin:amd64 (3.0.23-0+deb13u1, automatic), vlc-plugin-base:amd64 (3.0.23-0+deb13u1, automatic), vlc-plugin-visualization:amd64 (3.0.23-0+deb13u1, automatic)
Upgrade: libprotobuf32t64:amd64 (3.21.12-11, 3.21.12-11+deb13u1)
End-Date: 2026-07-14  12:25:19

Start-Date: 2026-07-15  08:20:14
Commandline: apt install dhelp
Requested-By: alaad13 (1000)
Install: ruby-dbm:amd64 (1.1.0-2+b4, automatic), dhelp:amd64 (0.6.31), libtemplate-perl:amd64 (2.27-1+b8, automatic), libfcgi-perl:amd64 (0.82+ds-3+b2, automatic), libclass-accessor-chained-perl:amd64 (0.01.1~debian-5, automatic), ruby-text:amd64 (1.3.1-1, automatic), doc-base:amd64 (0.11.2, automatic), libappconfig-perl:amd64 (1.71-2.3, automatic), racc:amd64 (1.8.1-1, automatic), ruby-locale:amd64 (2.1.3-1, automatic), libfcgi0t64:amd64 (2.4.5-0.1, automatic), libuuid-perl:amd64 (0.37-1, automatic), ruby-erubi:amd64 (1.12.0-1, automatic), libclass-accessor-perl:amd64 (0.51-2, automatic), libcgi-fast-perl:amd64 (1:2.17-1, automatic), ruby-debian:amd64 (0.3.10+b13, automatic), ruby-gettext:amd64 (3.4.9-1, automatic), libdata-page-perl:amd64 (2.03-1, automatic), swish++:amd64 (6.1.5-6, automatic), libfcgi-bin:amd64 (2.4.5-0.1, automatic), libcgi-pm-perl:amd64 (4.68-1, automatic), libsub-name-perl:amd64 (0.28-1, automatic), libyaml-tiny-perl:amd64 (1.76-1, automatic)
End-Date: 2026-07-15  08:21:02

Start-Date: 2026-07-15  08:24:26
Commandline: apt remove dhelp
Requested-By: alaad13 (1000)
Remove: dhelp:amd64 (0.6.31)
End-Date: 2026-07-15  08:24:34

Start-Date: 2026-07-15  08:24:54
Commandline: apt autoremove dhelp
Requested-By: alaad13 (1000)
Remove: ruby-dbm:amd64 (1.1.0-2+b4), libtemplate-perl:amd64 (2.27-1+b8), libfcgi-perl:amd64 (0.82+ds-3+b2), libclass-accessor-chained-perl:amd64 (0.01.1~debian-5), ruby-text:amd64 (1.3.1-1), doc-base:amd64 (0.11.2), libappconfig-perl:amd64 (1.71-2.3), racc:amd64 (1.8.1-1), ruby-locale:amd64 (2.1.3-1), libfcgi0t64:amd64 (2.4.5-0.1), libuuid-perl:amd64 (0.37-1), ruby-erubi:amd64 (1.12.0-1), libclass-accessor-perl:amd64 (0.51-2), libcgi-fast-perl:amd64 (1:2.17-1), ruby-debian:amd64 (0.3.10+b13), ruby-gettext:amd64 (3.4.9-1), libdata-page-perl:amd64 (2.03-1), swish++:amd64 (6.1.5-6), libfcgi-bin:amd64 (2.4.5-0.1), libcgi-pm-perl:amd64 (4.68-1), libyaml-tiny-perl:amd64 (1.76-1)
End-Date: 2026-07-15  08:25:11

Start-Date: 2026-07-15  08:25:56
Commandline: apt install dochelp
Requested-By: alaad13 (1000)
Install: dochelp:amd64 (0.1.8+b8)
End-Date: 2026-07-15  08:26:04

Start-Date: 2026-07-15  08:41:28
Commandline: apt install dwww
Requested-By: alaad13 (1000)
Install: dwww:amd64 (1.16), dctrl-tools:amd64 (2.24-3+b1, automatic), doc-base:amd64 (0.11.2, automatic), libuuid-perl:amd64 (0.37-1, automatic), libfile-ncopy-perl:amd64 (0.36-3, automatic), info2www:amd64 (1.2.2.9-27, automatic), swish++:amd64 (6.1.5-6, automatic), libmime-types-perl:amd64 (2.28-1, automatic), dlocate:amd64 (1.17, automatic), supercat:amd64 (0.5.7-1, automatic), libyaml-tiny-perl:amd64 (1.76-1, automatic)
End-Date: 2026-07-15  08:41:49

Start-Date: 2026-07-15  09:01:12
Commandline: apt install info
Requested-By: alaad13 (1000)
Install: info:amd64 (7.1.1-1+b1)
End-Date: 2026-07-15  09:01:21

Start-Date: 2026-07-15  12:42:52
Commandline: apt install tesseract-ocr-jpn*
Requested-By: alaad13 (1000)
Install: libtesseract5:amd64 (5.5.0-1+b1, automatic), tesseract-ocr-jpn-vert:amd64 (1:4.1.0-2), tesseract-ocr-eng:amd64 (1:4.1.0-2, automatic), tesseract-ocr-jpn:amd64 (1:4.1.0-2), tesseract-ocr-osd:amd64 (1:4.1.0-2, automatic), libleptonica6:amd64 (1.84.1-4, automatic), tesseract-ocr:amd64 (5.5.0-1+b1, automatic)
End-Date: 2026-07-15  12:43:05

Start-Date: 2026-07-15  12:47:24
Commandline: apt install imagemagick
Requested-By: alaad13 (1000)
Install: netpbm:amd64 (2:11.10.02-1, automatic), imagemagick:amd64 (8:7.1.1.43+dfsg1-1+deb13u11), imagemagick-7.q16:amd64 (8:7.1.1.43+dfsg1-1+deb13u11, automatic), libnetpbm11t64:amd64 (2:11.10.02-1, automatic)
Upgrade: libmagickcore-7.q16-10:amd64 (8:7.1.1.43+dfsg1-1+deb13u8, 8:7.1.1.43+dfsg1-1+deb13u11), imagemagick-7-common:amd64 (8:7.1.1.43+dfsg1-1+deb13u8, 8:7.1.1.43+dfsg1-1+deb13u11), libmagickwand-7.q16-10:amd64 (8:7.1.1.43+dfsg1-1+deb13u8, 8:7.1.1.43+dfsg1-1+deb13u11), libmagickcore-7.q16-10-extra:amd64 (8:7.1.1.43+dfsg1-1+deb13u8, 8:7.1.1.43+dfsg1-1+deb13u11)
End-Date: 2026-07-15  12:47:38

Start-Date: 2026-07-16  08:18:09
Commandline: apt install mecab*
Requested-By: alaad13 (1000)
Install: mecab-jumandic:amd64 (7.0-20130310-7), mecab-jumandic-utf8:amd64 (7.0-20130310-7), mecab-naist-jdic:amd64 (0.6.3.b-20111013-11), mecab-ipadic-utf8:amd64 (2.7.0-20070801+main-3), mecab-naist-jdic-eucjp:amd64 (0.6.3.b-20111013-11), mecab-ipadic:amd64 (2.7.0-20070801+main-3), libmecab2:amd64 (0.996-15.1+b6, automatic), mecab-utils:amd64 (0.996-15.1+b6), mecab:amd64 (0.996-15.1+b6)
End-Date: 2026-07-16  08:18:44

Start-Date: 2026-07-16  08:26:36
Commandline: apt install sdcv
Requested-By: alaad13 (1000)
Install: sdcv:amd64 (0.5.5-3)
End-Date: 2026-07-16  08:26:43

Start-Date: 2026-07-16  12:38:37
Commandline: apt install gawk
Requested-By: alaad13 (1000)
Install: libsigsegv2:amd64 (2.14-1+b2, automatic), gawk:amd64 (1:5.2.1-2+b1)
End-Date: 2026-07-16  12:38:52

Start-Date: 2026-07-18  12:39:25
Commandline: apt install kdrill
Requested-By: alaad13 (1000)
Install: kanadic:amd64 (6.5deb2-13.1, automatic), kdrill:amd64 (6.5deb2-13.1)
End-Date: 2026-07-18  12:39:34
